#
# There is insufficient memory for the Java Runtime Environment to continue.
# Native memory allocation (malloc) failed to allocate 1058896 bytes for Chunk::new
# Possible reasons:
#   The system is out of physical RAM or swap space
#   In 32 bit mode, the process size limit was hit
# Possible solutions:
#   Reduce memory load on the system
#   Increase physical memory or swap space
#   Check if swap backing store is full
#   Use 64 bit Java on a 64 bit OS
#   Decrease Java heap size (-Xmx/-Xms)
#   Decrease number of Java threads
#   Decrease Java thread stack sizes (-Xss)
#   Set larger code cache with -XX:ReservedCodeCacheSize=
# This output file may be truncated or incomplete.
#
#  Out of Memory Error (allocation.cpp:390), pid=12108, tid=0x0000000000001814
#
# JRE version: OpenJDK Runtime Environment (8.0_152-b06) (build 1.8.0_152-release-1136-b06)
# Java VM: OpenJDK 64-Bit Server VM (25.152-b06 mixed mode windows-amd64 compressed oops)
# Failed to write core dump. Minidumps are not enabled by default on client versions of Windows
#

---------------  T H R E A D  ---------------

Current thread (0x0000000017f62800):  JavaThread "C2 CompilerThread1" daemon [_thread_in_native, id=6164, stack(0x00000000196a0000,0x00000000197a0000)]

Stack: [0x00000000196a0000,0x00000000197a0000]
[error occurred during error reporting (printing stack bounds), id 0xc0000005]

Native frames: (J=compiled Java code, j=interpreted, Vv=VM code, C=native code)


Current CompileTask:
C2:  40655 13081       4       com.android.tools.r8.code.BaseInstructionFactory::create (3362 bytes)


---------------  P R O C E S S  ---------------

Java Threads: ( => current thread )
  0x000000001e36d800 JavaThread "ForkJoinPool-2-worker-0" daemon [_thread_blocked, id=8564, stack(0x0000000028ba0000,0x0000000028ca0000)]
  0x000000001e371800 JavaThread "ForkJoinPool-2-worker-3" daemon [_thread_blocked, id=7364, stack(0x0000000028aa0000,0x0000000028ba0000)]
  0x000000001e373800 JavaThread "ForkJoinPool-2-worker-2" daemon [_thread_blocked, id=8476, stack(0x00000000281a0000,0x00000000282a0000)]
  0x000000001e373000 JavaThread "ForkJoinPool-2-worker-1" daemon [_thread_blocked, id=15280, stack(0x00000000280a0000,0x00000000281a0000)]
  0x000000001e372000 JavaThread "ForkJoinPool-1-worker-0" daemon [_thread_blocked, id=11068, stack(0x0000000027480000,0x0000000027580000)]
  0x000000001e36e800 JavaThread "ForkJoinPool-1-worker-3" daemon [_thread_blocked, id=8972, stack(0x0000000027380000,0x0000000027480000)]
  0x000000001e374800 JavaThread "ForkJoinPool-1-worker-2" daemon [_thread_blocked, id=6716, stack(0x0000000027280000,0x0000000027380000)]
  0x000000001e36f000 JavaThread "ForkJoinPool-1-worker-1" daemon [_thread_blocked, id=10784, stack(0x0000000025ed0000,0x0000000025fd0000)]
  0x000000001e370000 JavaThread "ForkJoinPool.commonPool-worker-2" daemon [_thread_blocked, id=5060, stack(0x0000000024e50000,0x0000000024f50000)]
  0x000000001e368000 JavaThread "Task worker for ':' Thread 3" [_thread_blocked, id=7732, stack(0x0000000024a50000,0x0000000024b50000)]
  0x000000001e36b000 JavaThread "Task worker for ':' Thread 2" [_thread_blocked, id=3412, stack(0x0000000024950000,0x0000000024a50000)]
  0x000000001e36d000 JavaThread "Task worker for ':'" [_thread_blocked, id=13808, stack(0x0000000024850000,0x0000000024950000)]
  0x000000001e36c000 JavaThread "Cache worker for Build Output Cleanup Cache (G:\MiniProject\.gradle\buildOutputCleanup)" [_thread_blocked, id=3172, stack(0x0000000024750000,0x0000000024850000)]
  0x000000001e365000 JavaThread "Cache worker for task history cache (G:\MiniProject\.gradle\4.6\taskHistory)" [_thread_blocked, id=14732, stack(0x0000000024650000,0x0000000024750000)]
  0x000000001dd39800 JavaThread "Cache worker for file content cache (G:\MiniProject\.gradle\4.6\fileContent)" [_thread_blocked, id=6296, stack(0x0000000023930000,0x0000000023a30000)]
  0x000000001dd3c800 JavaThread "Memory manager" [_thread_blocked, id=11072, stack(0x0000000023430000,0x0000000023530000)]
  0x000000001dd3f000 JavaThread "Build operations Thread 4" [_thread_blocked, id=880, stack(0x0000000022d30000,0x0000000022e30000)]
  0x000000001dd3d800 JavaThread "Build operations Thread 3" [_thread_blocked, id=10236, stack(0x0000000021bd0000,0x0000000021cd0000)]
  0x000000001dd3b000 JavaThread "Build operations Thread 2" [_thread_blocked, id=3800, stack(0x0000000021ad0000,0x0000000021bd0000)]
  0x000000001dd3c000 JavaThread "Build operations" [_thread_blocked, id=236, stack(0x00000000218d0000,0x00000000219d0000)]
  0x000000001dd3e000 JavaThread "Cache worker for Artifact transforms cache (C:\Users\ASUS\.gradle\caches\transforms-1)" [_thread_blocked, id=13016, stack(0x00000000215d0000,0x00000000216d0000)]
  0x000000001cb68800 JavaThread "Cache worker for file hash cache (G:\MiniProject\.gradle\4.6\fileHashes)" [_thread_blocked, id=2444, stack(0x000000001dac0000,0x000000001dbc0000)]
  0x000000001a053000 JavaThread "File lock request listener" [_thread_in_native, id=10044, stack(0x000000001c9f0000,0x000000001caf0000)]
  0x000000001a16a800 JavaThread "Cache worker for file hash cache (C:\Users\ASUS\.gradle\caches\4.6\fileHashes)" [_thread_blocked, id=14068, stack(0x000000001c8f0000,0x000000001c9f0000)]
  0x000000001a132800 JavaThread "Stdin handler" [_thread_blocked, id=5228, stack(0x000000001c5f0000,0x000000001c6f0000)]
  0x00000000199fe800 JavaThread "Asynchronous log dispatcher for DefaultDaemonConnection: socket connection from /127.0.0.1:40337 to /127.0.0.1:40338" [_thread_blocked, id=11364, stack(0x000000001c4f0000,0x000000001c5f0000)]
  0x00000000199af000 JavaThread "Daemon worker" [_thread_blocked, id=4160, stack(0x000000001c3f0000,0x000000001c4f0000)]
  0x000000001a237800 JavaThread "Cancel handler" [_thread_blocked, id=4072, stack(0x000000001c2f0000,0x000000001c3f0000)]
  0x000000001a47e000 JavaThread "Handler for socket connection from /127.0.0.1:40337 to /127.0.0.1:40338" [_thread_in_native, id=14396, stack(0x000000001bff0000,0x000000001c0f0000)]
  0x000000001a47d000 JavaThread "Daemon" [_thread_blocked, id=12352, stack(0x000000001bef0000,0x000000001bff0000)]
  0x000000001a27b000 JavaThread "Daemon periodic checks" [_thread_blocked, id=12848, stack(0x000000001bdf0000,0x000000001bef0000)]
  0x000000001adf3000 JavaThread "Incoming local TCP Connector on port 40337" [_thread_in_native, id=3320, stack(0x000000001bbb0000,0x000000001bcb0000)]
  0x00000000198c8800 JavaThread "Service Thread" daemon [_thread_blocked, id=14272, stack(0x0000000019ca0000,0x0000000019da0000)]
  0x0000000017f66000 JavaThread "C1 CompilerThread2" daemon [_thread_blocked, id=3972, stack(0x00000000197a0000,0x00000000198a0000)]
=>0x0000000017f62800 JavaThread "C2 CompilerThread1" daemon [_thread_in_native, id=6164, stack(0x00000000196a0000,0x00000000197a0000)]
  0x0000000017f5c800 JavaThread "C2 CompilerThread0" daemon [_thread_blocked, id=14180, stack(0x00000000195a0000,0x00000000196a0000)]
  0x0000000017f5b000 JavaThread "Attach Listener" daemon [_thread_blocked, id=6680, stack(0x00000000194a0000,0x00000000195a0000)]
  0x0000000017f59800 JavaThread "Signal Dispatcher" daemon [_thread_blocked, id=12608, stack(0x00000000193a0000,0x00000000194a0000)]
  0x00000000045e9000 JavaThread "Finalizer" daemon [_thread_blocked, id=13660, stack(0x00000000191b0000,0x00000000192b0000)]
  0x00000000045e3000 JavaThread "Reference Handler" daemon [_thread_blocked, id=11412, stack(0x00000000190b0000,0x00000000191b0000)]
  0x00000000043ad800 JavaThread "main" [_thread_blocked, id=13352, stack(0x00000000043f0000,0x00000000044f0000)]

Other Threads:
  0x0000000017f26000 VMThread [stack: 0x0000000018fb0000,0x00000000190b0000] [id=11540]
  0x0000000017fbe000 WatcherThread [stack: 0x0000000019da0000,0x0000000019ea0000] [id=15204]

VM state:at safepoint (normal execution)

VM Mutex/Monitor currently owned by a thread:  ([mutex/lock_event])
[0x00000000043ac340] Threads_lock - owner thread: 0x0000000017f26000
[0x00000000043ad140] Heap_lock - owner thread: 0x000000001e36d800

Heap:
 PSYoungGen      total 234496K, used 175616K [0x00000000e0000000, 0x00000000f4080000, 0x0000000100000000)
  eden space 175616K, 100% used [0x00000000e0000000,0x00000000eab80000,0x00000000eab80000)
  from space 58880K, 0% used [0x00000000eab80000,0x00000000eab80000,0x00000000ee500000)
  to   space 57856K, 0% used [0x00000000f0800000,0x00000000f0800000,0x00000000f4080000)
 ParOldGen       total 180736K, used 156896K [0x00000000a0000000, 0x00000000ab080000, 0x00000000e0000000)
  object space 180736K, 86% used [0x00000000a0000000,0x00000000a99380a0,0x00000000ab080000)
 Metaspace       used 68047K, capacity 70536K, committed 70872K, reserved 1110016K
  class space    used 8987K, capacity 9550K, committed 9728K, reserved 1048576K

Card table byte_map: [0x00000000139b0000,0x0000000013cc0000] byte_map_base: 0x00000000134b0000

Marking Bits: (ParMarkBitMap*) 0x00000000656c5aa0
 Begin Bits: [0x00000000142c0000, 0x0000000015ac0000)
 End Bits:   [0x0000000015ac0000, 0x00000000172c0000)

Polling page: 0x0000000002700000

CodeCache: size=245760Kb used=35579Kb max_used=35855Kb free=210180Kb
 bounds [0x00000000045f0000, 0x0000000006960000, 0x00000000135f0000]
 total_blobs=12099 nmethods=11294 adapters=716
 compilation: enabled

Compilation events (10 events):
Event: 40.300 Thread 0x0000000017f66000 13091       2       com.android.tools.r8.code.AndInt::<init> (7 bytes)
Event: 40.301 Thread 0x0000000017f66000 nmethod 13091 0x0000000004a70910 code [0x0000000004a70a80, 0x0000000004a70d18]
Event: 40.301 Thread 0x0000000017f66000 13092       2       com.android.tools.r8.code.SubFloat::<init> (7 bytes)
Event: 40.301 Thread 0x0000000017f66000 nmethod 13092 0x0000000004fbe310 code [0x0000000004fbe480, 0x0000000004fbe718]
Event: 40.304 Thread 0x0000000017f66000 13093       2       com.android.tools.r8.code.AddLong::<init> (7 bytes)
Event: 40.304 Thread 0x0000000017f66000 nmethod 13093 0x0000000005430e10 code [0x0000000005430f80, 0x0000000005431218]
Event: 40.305 Thread 0x0000000017f66000 13094       2       com.android.tools.r8.code.SubFloat2Addr::<init> (7 bytes)
Event: 40.306 Thread 0x0000000017f66000 nmethod 13094 0x00000000060b9cd0 code [0x00000000060b9e20, 0x00000000060b9fd0]
Event: 40.306 Thread 0x0000000017f66000 13095       2       com.android.tools.r8.code.DivFloat2Addr::<init> (7 bytes)
Event: 40.306 Thread 0x0000000017f66000 nmethod 13095 0x00000000053ce410 code [0x00000000053ce560, 0x00000000053ce710]

GC Heap History (10 events):
Event: 35.486 GC heap after
Heap after GC invocations=32 (full 3):
 PSYoungGen      total 178176K, used 15335K [0x00000000e0000000, 0x00000000f0a80000, 0x0000000100000000)
  eden space 162816K, 0% used [0x00000000e0000000,0x00000000e0000000,0x00000000e9f00000)
  from space 15360K, 99% used [0x00000000e9f00000,0x00000000eadf9d00,0x00000000eae00000)
  to   space 38400K, 0% used [0x00000000ee500000,0x00000000ee500000,0x00000000f0a80000)
 ParOldGen       total 100864K, used 100514K [0x00000000a0000000, 0x00000000a6280000, 0x00000000e0000000)
  object space 100864K, 99% used [0x00000000a0000000,0x00000000a6228948,0x00000000a6280000)
 Metaspace       used 68044K, capacity 70608K, committed 70872K, reserved 1110016K
  class space    used 9015K, capacity 9602K, committed 9728K, reserved 1048576K
}
Event: 35.486 GC heap before
{Heap before GC invocations=33 (full 4):
 PSYoungGen      total 178176K, used 15335K [0x00000000e0000000, 0x00000000f0a80000, 0x0000000100000000)
  eden space 162816K, 0% used [0x00000000e0000000,0x00000000e0000000,0x00000000e9f00000)
  from space 15360K, 99% used [0x00000000e9f00000,0x00000000eadf9d00,0x00000000eae00000)
  to   space 38400K, 0% used [0x00000000ee500000,0x00000000ee500000,0x00000000f0a80000)
 ParOldGen       total 100864K, used 100514K [0x00000000a0000000, 0x00000000a6280000, 0x00000000e0000000)
  object space 100864K, 99% used [0x00000000a0000000,0x00000000a6228948,0x00000000a6280000)
 Metaspace       used 68044K, capacity 70608K, committed 70872K, reserved 1110016K
  class space    used 9015K, capacity 9602K, committed 9728K, reserved 1048576K
Event: 36.163 GC heap after
Heap after GC invocations=33 (full 4):
 PSYoungGen      total 178176K, used 11209K [0x00000000e0000000, 0x00000000f0a80000, 0x0000000100000000)
  eden space 162816K, 0% used [0x00000000e0000000,0x00000000e0000000,0x00000000e9f00000)
  from space 15360K, 72% used [0x00000000e9f00000,0x00000000ea9f2648,0x00000000eae00000)
  to   space 38400K, 0% used [0x00000000ee500000,0x00000000ee500000,0x00000000f0a80000)
 ParOldGen       total 180736K, used 100606K [0x00000000a0000000, 0x00000000ab080000, 0x00000000e0000000)
  object space 180736K, 55% used [0x00000000a0000000,0x00000000a623fad0,0x00000000ab080000)
 Metaspace       used 67942K, capacity 70354K, committed 70872K, reserved 1110016K
  class space    used 8978K, capacity 9539K, committed 9728K, reserved 1048576K
}
Event: 37.512 GC heap before
{Heap before GC invocations=34 (full 4):
 PSYoungGen      total 178176K, used 174025K [0x00000000e0000000, 0x00000000f0a80000, 0x0000000100000000)
  eden space 162816K, 100% used [0x00000000e0000000,0x00000000e9f00000,0x00000000e9f00000)
  from space 15360K, 72% used [0x00000000e9f00000,0x00000000ea9f2648,0x00000000eae00000)
  to   space 38400K, 0% used [0x00000000ee500000,0x00000000ee500000,0x00000000f0a80000)
 ParOldGen       total 180736K, used 100606K [0x00000000a0000000, 0x00000000ab080000, 0x00000000e0000000)
  object space 180736K, 55% used [0x00000000a0000000,0x00000000a623fad0,0x00000000ab080000)
 Metaspace       used 67975K, capacity 70354K, committed 70872K, reserved 1110016K
  class space    used 8978K, capacity 9539K, committed 9728K, reserved 1048576K
Event: 37.634 GC heap after
Heap after GC invocations=34 (full 4):
 PSYoungGen      total 214016K, used 38387K [0x00000000e0000000, 0x00000000f2f80000, 0x0000000100000000)
  eden space 175616K, 0% used [0x00000000e0000000,0x00000000e0000000,0x00000000eab80000)
  from space 38400K, 99% used [0x00000000ee500000,0x00000000f0a7ced0,0x00000000f0a80000)
  to   space 58880K, 0% used [0x00000000eab80000,0x00000000eab80000,0x00000000ee500000)
 ParOldGen       total 180736K, used 137685K [0x00000000a0000000, 0x00000000ab080000, 0x00000000e0000000)
  object space 180736K, 76% used [0x00000000a0000000,0x00000000a86757a8,0x00000000ab080000)
 Metaspace       used 67975K, capacity 70354K, committed 70872K, reserved 1110016K
  class space    used 8978K, capacity 9539K, committed 9728K, reserved 1048576K
}
Event: 38.302 GC heap before
{Heap before GC invocations=35 (full 4):
 PSYoungGen      total 214016K, used 214003K [0x00000000e0000000, 0x00000000f2f80000, 0x0000000100000000)
  eden space 175616K, 100% used [0x00000000e0000000,0x00000000eab80000,0x00000000eab80000)
  from space 38400K, 99% used [0x00000000ee500000,0x00000000f0a7ced0,0x00000000f0a80000)
  to   space 58880K, 0% used [0x00000000eab80000,0x00000000eab80000,0x00000000ee500000)
 ParOldGen       total 180736K, used 137685K [0x00000000a0000000, 0x00000000ab080000, 0x00000000e0000000)
  object space 180736K, 76% used [0x00000000a0000000,0x00000000a86757a8,0x00000000ab080000)
 Metaspace       used 67990K, capacity 70418K, committed 70872K, reserved 1110016K
  class space    used 8978K, capacity 9539K, committed 9728K, reserved 1048576K
Event: 38.395 GC heap after
Heap after GC invocations=35 (full 4):
 PSYoungGen      total 234496K, used 28193K [0x00000000e0000000, 0x00000000f4080000, 0x0000000100000000)
  eden space 175616K, 0% used [0x00000000e0000000,0x00000000e0000000,0x00000000eab80000)
  from space 58880K, 47% used [0x00000000eab80000,0x00000000ec708560,0x00000000ee500000)
  to   space 57856K, 0% used [0x00000000f0800000,0x00000000f0800000,0x00000000f4080000)
 ParOldGen       total 180736K, used 176204K [0x00000000a0000000, 0x00000000ab080000, 0x00000000e0000000)
  object space 180736K, 97% used [0x00000000a0000000,0x00000000aac132c8,0x00000000ab080000)
 Metaspace       used 67990K, capacity 70418K, committed 70872K, reserved 1110016K
  class space    used 8978K, capacity 9539K, committed 9728K, reserved 1048576K
}
Event: 38.395 GC heap before
{Heap before GC invocations=36 (full 5):
 PSYoungGen      total 234496K, used 28193K [0x00000000e0000000, 0x00000000f4080000, 0x0000000100000000)
  eden space 175616K, 0% used [0x00000000e0000000,0x00000000e0000000,0x00000000eab80000)
  from space 58880K, 47% used [0x00000000eab80000,0x00000000ec708560,0x00000000ee500000)
  to   space 57856K, 0% used [0x00000000f0800000,0x00000000f0800000,0x00000000f4080000)
 ParOldGen       total 180736K, used 176204K [0x00000000a0000000, 0x00000000ab080000, 0x00000000e0000000)
  object space 180736K, 97% used [0x00000000a0000000,0x00000000aac132c8,0x00000000ab080000)
 Metaspace       used 67990K, capacity 70418K, committed 70872K, reserved 1110016K
  class space    used 8978K, capacity 9539K, committed 9728K, reserved 1048576K
Event: 39.145 GC heap after
Heap after GC invocations=36 (full 5):
 PSYoungGen      total 234496K, used 0K [0x00000000e0000000, 0x00000000f4080000, 0x0000000100000000)
  eden space 175616K, 0% used [0x00000000e0000000,0x00000000e0000000,0x00000000eab80000)
  from space 58880K, 0% used [0x00000000eab80000,0x00000000eab80000,0x00000000ee500000)
  to   space 57856K, 0% used [0x00000000f0800000,0x00000000f0800000,0x00000000f4080000)
 ParOldGen       total 180736K, used 156896K [0x00000000a0000000, 0x00000000ab080000, 0x00000000e0000000)
  object space 180736K, 86% used [0x00000000a0000000,0x00000000a99380a0,0x00000000ab080000)
 Metaspace       used 67990K, capacity 70418K, committed 70872K, reserved 1110016K
  class space    used 8978K, capacity 9539K, committed 9728K, reserved 1048576K
}
Event: 40.318 GC heap before
{Heap before GC invocations=37 (full 6):
 PSYoungGen      total 234496K, used 175616K [0x00000000e0000000, 0x00000000f4080000, 0x0000000100000000)
  eden space 175616K, 100% used [0x00000000e0000000,0x00000000eab80000,0x00000000eab80000)
  from space 58880K, 0% used [0x00000000eab80000,0x00000000eab80000,0x00000000ee500000)
  to   space 57856K, 0% used [0x00000000f0800000,0x00000000f0800000,0x00000000f4080000)
 ParOldGen       total 180736K, used 156896K [0x00000000a0000000, 0x00000000ab080000, 0x00000000e0000000)
  object space 180736K, 86% used [0x00000000a0000000,0x00000000a99380a0,0x00000000ab080000)
 Metaspace       used 68047K, capacity 70536K, committed 70872K, reserved 1110016K
  class space    used 8987K, capacity 9550K, committed 9728K, reserved 1048576K

Deoptimization events (10 events):
Event: 38.044 Thread 0x000000001e372000 Uncommon trap: reason=array_check action=maybe_recompile pc=0x00000000066f6274 method=java.util.TimSort.mergeLo(IIII)V @ 245
Event: 38.278 Thread 0x000000001e372000 Uncommon trap: reason=unstable_if action=reinterpret pc=0x0000000005c9d644 method=java.nio.Bits.copyFromArray(Ljava/lang/Object;JJJJ)V @ 18
Event: 39.167 Thread 0x000000001e36e800 Uncommon trap: reason=array_check action=maybe_recompile pc=0x00000000068555a8 method=java.util.TimSort.mergeHi(IIII)V @ 171
Event: 39.167 Thread 0x000000001e36e800 Uncommon trap: reason=predicate action=maybe_recompile pc=0x000000000684fdc0 method=java.util.TimSort.mergeLo(IIII)V @ 153
Event: 39.167 Thread 0x000000001e36e800 Uncommon trap: reason=predicate action=maybe_recompile pc=0x00000000068552d8 method=java.util.TimSort.mergeHi(IIII)V @ 191
Event: 39.759 Thread 0x00000000199af000 Uncommon trap: reason=unstable_if action=reinterpret pc=0x0000000005a50504 method=com.google.common.collect.MapMakerInternalMap$Segment.getEntry(Ljava/lang/Object;I)Lcom/google/common/collect/MapMakerInternalMap$ReferenceEntry; @ 40
Event: 39.933 Thread 0x00000000199af000 Uncommon trap: reason=bimorphic action=maybe_recompile pc=0x000000000656d26c method=java.util.stream.ReduceOps$ReduceOp.evaluateSequential(Ljava/util/stream/PipelineHelper;Ljava/util/Spliterator;)Ljava/lang/Object; @ 2
Event: 39.934 Thread 0x00000000199af000 Uncommon trap: reason=bimorphic action=maybe_recompile pc=0x000000000656d26c method=java.util.stream.ReduceOps$ReduceOp.evaluateSequential(Ljava/util/stream/PipelineHelper;Ljava/util/Spliterator;)Ljava/lang/Object; @ 2
Event: 40.189 Thread 0x000000001e371800 Uncommon trap: reason=unloaded action=reinterpret pc=0x00000000066fc6c0 method=com.android.tools.r8.code.BaseInstructionFactory.create(IILcom/android/tools/r8/code/BytecodeStream;Lcom/android/tools/r8/graph/OffsetToObjectMapping;)Lcom/android/tools/r8/cod
Event: 40.197 Thread 0x000000001e371800 Uncommon trap: reason=null_check action=make_not_entrant pc=0x00000000066e73f0 method=com.android.tools.r8.dex.DexParser.debugInfoAt(I)Lcom/android/tools/r8/graph/DexDebugInfo; @ 11

Classes redefined (0 events):
No events

Internal exceptions (10 events):
Event: 33.298 Thread 0x000000001e367800 Exception <a 'sun/nio/fs/WindowsException'> (0x00000000e67bf1d8) thrown at [D:\src\AOSP-openjdk-cygwin\jdk8u\hotspot\src\share\vm\prims\jni.cpp, line 709]
Event: 33.301 Thread 0x000000001e367800 Exception <a 'sun/nio/fs/WindowsException'> (0x00000000e6804d40) thrown at [D:\src\AOSP-openjdk-cygwin\jdk8u\hotspot\src\share\vm\prims\jni.cpp, line 709]
Event: 34.470 Thread 0x00000000199af000 Exception <a 'sun/nio/fs/WindowsException'> (0x00000000e75cbb70) thrown at [D:\src\AOSP-openjdk-cygwin\jdk8u\hotspot\src\share\vm\prims\jni.cpp, line 709]
Event: 34.702 Thread 0x00000000199af000 Exception <a 'sun/nio/fs/WindowsException'> (0x00000000e1cf6b38) thrown at [D:\src\AOSP-openjdk-cygwin\jdk8u\hotspot\src\share\vm\prims\jni.cpp, line 709]
Event: 35.244 Thread 0x000000001e36e800 Implicit null exception at 0x00000000051afd6f to 0x00000000051afe5d
Event: 36.166 Thread 0x000000001e372000 Implicit null exception at 0x0000000004b77fd3 to 0x0000000004b782c9
Event: 38.271 Thread 0x000000001e372000 Exception <a 'sun/nio/fs/WindowsException'> (0x00000000e94d10c0) thrown at [D:\src\AOSP-openjdk-cygwin\jdk8u\hotspot\src\share\vm\prims\jni.cpp, line 709]
Event: 39.682 Thread 0x000000001e36e800 Exception <a 'sun/nio/fs/WindowsException'> (0x00000000e3dd4c00) thrown at [D:\src\AOSP-openjdk-cygwin\jdk8u\hotspot\src\share\vm\prims\jni.cpp, line 709]
Event: 39.933 Thread 0x00000000199af000 Exception <a 'sun/nio/fs/WindowsException'> (0x00000000e419fb10) thrown at [D:\src\AOSP-openjdk-cygwin\jdk8u\hotspot\src\share\vm\prims\jni.cpp, line 709]
Event: 40.079 Thread 0x000000001e373800 Exception <a 'sun/nio/fs/WindowsException'> (0x00000000e42e1128) thrown at [D:\src\AOSP-openjdk-cygwin\jdk8u\hotspot\src\share\vm\prims\jni.cpp, line 709]

Events (10 events):
Event: 40.187 Thread 0x0000000017f66000 flushing nmethod 0x000000000637cb50
Event: 40.187 Thread 0x0000000017f66000 flushing nmethod 0x000000000638a6d0
Event: 40.187 Thread 0x0000000017f66000 flushing nmethod 0x00000000063ce450
Event: 40.189 Thread 0x000000001e371800 Uncommon trap: trap_request=0x000001fb fr.pc=0x00000000066fc6c0
Event: 40.189 Thread 0x000000001e371800 DEOPT PACKING pc=0x00000000066fc6c0 sp=0x0000000028b9ed20
Event: 40.189 Thread 0x000000001e371800 DEOPT UNPACKING pc=0x000000000463557b sp=0x0000000028b9ece0 mode 2
Event: 40.197 Thread 0x000000001e371800 Uncommon trap: trap_request=0xfffffff4 fr.pc=0x00000000066e73f0
Event: 40.197 Thread 0x000000001e371800 DEOPT PACKING pc=0x00000000066e73f0 sp=0x0000000028b9ed80
Event: 40.197 Thread 0x000000001e371800 DEOPT UNPACKING pc=0x000000000463557b sp=0x0000000028b9ecf0 mode 2
Event: 40.318 Executing VM operation: ParallelGCFailedAllocation


Dynamic libraries:
0x00007ff7465f0000 - 0x00007ff746621000 	F:\AndroidStudio\jre\bin\java.exe
0x00007ff8993e0000 - 0x00007ff8995c0000 	C:\WINDOWS\SYSTEM32\ntdll.dll
0x00007ff8977f0000 - 0x00007ff89789e000 	C:\WINDOWS\System32\KERNEL32.DLL
0x00007ff895880000 - 0x00007ff895ae6000 	C:\WINDOWS\System32\KERNELBASE.dll
0x00007ff896f80000 - 0x00007ff897021000 	C:\WINDOWS\System32\ADVAPI32.dll
0x00007ff897360000 - 0x00007ff8973fd000 	C:\WINDOWS\System32\msvcrt.dll
0x00007ff897520000 - 0x00007ff89757b000 	C:\WINDOWS\System32\sechost.dll
0x00007ff897400000 - 0x00007ff89751f000 	C:\WINDOWS\System32\RPCRT4.dll
0x00007ff8978a0000 - 0x00007ff897a2f000 	C:\WINDOWS\System32\USER32.dll
0x00007ff896240000 - 0x00007ff896260000 	C:\WINDOWS\System32\win32u.dll
0x00007ff8977a0000 - 0x00007ff8977c8000 	C:\WINDOWS\System32\GDI32.dll
0x00007ff896310000 - 0x00007ff8964a3000 	C:\WINDOWS\System32\gdi32full.dll
0x00007ff8957e0000 - 0x00007ff89587b000 	C:\WINDOWS\System32\msvcp_win.dll
0x00007ff8964b0000 - 0x00007ff8965a6000 	C:\WINDOWS\System32\ucrtbase.dll
0x00007ff885fb0000 - 0x00007ff886219000 	C:\WINDOWS\WinSxS\amd64_microsoft.windows.common-controls_6595b64144ccf1df_6.0.16299.98_none_cc930a042215c348\COMCTL32.dll
0x00007ff896c10000 - 0x00007ff896f18000 	C:\WINDOWS\System32\combase.dll
0x00007ff8965b0000 - 0x00007ff896622000 	C:\WINDOWS\System32\bcryptPrimitives.dll
0x00007ff896a40000 - 0x00007ff896a6d000 	C:\WINDOWS\System32\IMM32.DLL
0x0000000065a00000 - 0x0000000065ad2000 	F:\AndroidStudio\jre\jre\bin\msvcr100.dll
0x0000000064f00000 - 0x0000000065741000 	F:\AndroidStudio\jre\jre\bin\server\jvm.dll
0x00007ff8977d0000 - 0x00007ff8977d8000 	C:\WINDOWS\System32\PSAPI.DLL
0x00007ff88a9d0000 - 0x00007ff88a9da000 	C:\WINDOWS\SYSTEM32\VERSION.dll
0x00007ff8943e0000 - 0x00007ff8943e9000 	C:\WINDOWS\SYSTEM32\WSOCK32.dll
0x00007ff8975e0000 - 0x00007ff89764c000 	C:\WINDOWS\System32\WS2_32.dll
0x00007ff891050000 - 0x00007ff891073000 	C:\WINDOWS\SYSTEM32\WINMM.dll
0x00007ff890ff0000 - 0x00007ff89101a000 	C:\WINDOWS\SYSTEM32\winmmbase.dll
0x00007ff896860000 - 0x00007ff8968aa000 	C:\WINDOWS\System32\cfgmgr32.dll
0x00007ff892880000 - 0x00007ff89288f000 	F:\AndroidStudio\jre\jre\bin\verify.dll
0x00007ff87ea70000 - 0x00007ff87ea99000 	F:\AndroidStudio\jre\jre\bin\java.dll
0x00007ff890fd0000 - 0x00007ff890fe6000 	F:\AndroidStudio\jre\jre\bin\zip.dll
0x00007ff897f50000 - 0x00007ff899386000 	C:\WINDOWS\System32\SHELL32.dll
0x00007ff896990000 - 0x00007ff896a36000 	C:\WINDOWS\System32\shcore.dll
0x00007ff895af0000 - 0x00007ff896237000 	C:\WINDOWS\System32\windows.storage.dll
0x00007ff896f20000 - 0x00007ff896f71000 	C:\WINDOWS\System32\shlwapi.dll
0x00007ff895750000 - 0x00007ff895761000 	C:\WINDOWS\System32\kernel.appcore.dll
0x00007ff895770000 - 0x00007ff8957bc000 	C:\WINDOWS\System32\powrprof.dll
0x00007ff8957c0000 - 0x00007ff8957db000 	C:\WINDOWS\System32\profapi.dll
0x00007ff88e650000 - 0x00007ff88e66a000 	F:\AndroidStudio\jre\jre\bin\net.dll
0x00007ff894fc0000 - 0x00007ff895026000 	C:\WINDOWS\system32\mswsock.dll
0x00007ff8800b0000 - 0x00007ff8800c1000 	F:\AndroidStudio\jre\jre\bin\nio.dll
0x00007ff886f20000 - 0x00007ff886f3e000 	C:\Users\ASUS\.gradle\native\25\windows-amd64\native-platform.dll
0x00007ff892790000 - 0x00007ff89279d000 	F:\AndroidStudio\jre\jre\bin\management.dll
0x00007ff895180000 - 0x00007ff895197000 	C:\WINDOWS\SYSTEM32\CRYPTSP.dll
0x00007ff894bd0000 - 0x00007ff894c03000 	C:\WINDOWS\system32\rsaenh.dll
0x00007ff895290000 - 0x00007ff8952b5000 	C:\WINDOWS\SYSTEM32\bcrypt.dll
0x00007ff895660000 - 0x00007ff895689000 	C:\WINDOWS\SYSTEM32\USERENV.dll
0x00007ff8951a0000 - 0x00007ff8951ab000 	C:\WINDOWS\SYSTEM32\CRYPTBASE.dll
0x00007ff894d50000 - 0x00007ff894d89000 	C:\WINDOWS\SYSTEM32\IPHLPAPI.DLL
0x00007ff8977e0000 - 0x00007ff8977e8000 	C:\WINDOWS\System32\NSI.dll
0x00007ff88e460000 - 0x00007ff88e476000 	C:\WINDOWS\SYSTEM32\dhcpcsvc6.DLL
0x00007ff88e440000 - 0x00007ff88e45a000 	C:\WINDOWS\SYSTEM32\dhcpcsvc.DLL
0x00007ff894870000 - 0x00007ff8948a1000 	C:\WINDOWS\SYSTEM32\ntmarta.dll

VM Arguments:
jvm_args: -Xmx1536m -Dfile.encoding=windows-1252 -Duser.country=US -Duser.language=en -Duser.variant 
java_command: org.gradle.launcher.daemon.bootstrap.GradleDaemon 4.6
java_class_path (initial): C:\Users\ASUS\.gradle\wrapper\dists\gradle-4.6-all\bcst21l2brirad8k2ben1letg\gradle-4.6\lib\gradle-launcher-4.6.jar
Launcher Type: SUN_STANDARD

Environment Variables:
PATH=C:\ProgramData\Oracle\Java\javapath;C:\Program Files (x86)\Intel\iCLS Client\;C:\Program Files\Intel\iCLS Client\;C:\Windows\system32;C:\Windows;C:\Windows\System32\Wbem;C:\Windows\System32\WindowsPowerShell\v1.0\;C:\Program Files (x86)\NVIDIA Corporation\PhysX\Common;C:\Program Files (x86)\Intel\Intel(R) Management Engine Components\DAL;C:\Program Files\Intel\Intel(R) Management Engine Components\DAL;C:\Program Files (x86)\Intel\Intel(R) Management Engine Components\IPT;C:\Program Files\Intel\Intel(R) Management Engine Components\IPT;C:\WINDOWS\system32;C:\WINDOWS;C:\WINDOWS\System32\Wbem;C:\WINDOWS\System32\WindowsPowerShell\v1.0\;C:\Users\ASUS\AppData\Local\Android\Sdk;C:\Program Files\Git\cmd;F:\Anaconda2;F:\Anaconda2\Scripts;F:\Anaconda2\Library\bin;C:\Users\ASUS\AppData\Local\Microsoft\WindowsApps
USERNAME=Hrishikesh
OS=Windows_NT
PROCESSOR_IDENTIFIER=Intel64 Family 6 Model 142 Stepping 9, GenuineIntel



---------------  S Y S T E M  ---------------

OS: Windows 10.0 , 64 bit Build 16299 (10.0.16299.15)

CPU:total 4 (initial active 4) (2 cores per cpu, 2 threads per core) family 6 model 142 stepping 9, cmov, cx8, fxsr, mmx, sse, sse2, sse3, ssse3, sse4.1, sse4.2, popcnt, avx, avx2, aes, clmul, erms, 3dnowpref, lzcnt, ht, tsc, tscinvbit, bmi1, bmi2, adx

Memory: 4k page, physical 4074528k(282780k free), swap 8170528k(8048k free)

vm_info: OpenJDK 64-Bit Server VM (25.152-b06) for windows-amd64 JRE (1.8.0_152-release-1136-b06), built by "builder" with MS VC++ 10.0 (VS2010)

time: Mon Oct 01 01:22:03 2018
elapsed time: 40 seconds (0d 0h 0m 40s)

